C:\USERS\RBEN.KECK-CENTER\DOCUMENTS\NEUROGPU2\VS\NEUROGPU6\NEUROGPU6\DEBUG\ALLMODELS.OBJ
C:\USERS\RBEN.KECK-CENTER\DOCUMENTS\NEUROGPU2\VS\NEUROGPU6\NEUROGPU6\DEBUG\MAINC.OBJ
C:\USERS\RBEN.KECK-CENTER\DOCUMENTS\NEUROGPU2\VS\NEUROGPU6\NEUROGPU6\DEBUG\UTIL.OBJ
C:\USERS\RBEN.KECK-CENTER\DOCUMENTS\NEUROGPU2\VS\NEUROGPU6\NEUROGPU6\DEBUG\VC110.PDB
C:\USERS\RBEN.KECK-CENTER\DOCUMENTS\NEUROGPU2\VS\NEUROGPU6\DEBUG\NEUROGPU6.ILK
C:\USERS\RBEN.KECK-CENTER\DOCUMENTS\NEUROGPU2\VS\NEUROGPU6\DEBUG\NEUROGPU6.EXE
C:\USERS\RBEN.KECK-CENTER\DOCUMENTS\NEUROGPU2\VS\NEUROGPU6\DEBUG\NEUROGPU6.PDB
C:\Users\rben.KECK-CENTER\Documents\neurogpu2\VS\NeuroGPU6\NeuroGPU6\Debug\AllModels.cu.cache
C:\Users\rben.KECK-CENTER\Documents\neurogpu2\VS\NeuroGPU6\NeuroGPU6\Debug\CudaStuff.cu.cache
C:\Users\rben.KECK-CENTER\Documents\neurogpu2\VS\NeuroGPU6\NeuroGPU6\Debug\kernel.cu.cache
C:\Users\rben.KECK-CENTER\Documents\neurogpu2\VS\NeuroGPU6\NeuroGPU6\Debug\AllModels.cu.obj
C:\Users\rben.KECK-CENTER\Documents\neurogpu2\VS\NeuroGPU6\NeuroGPU6\Debug\AllModels.obj
C:\Users\rben.KECK-CENTER\Documents\neurogpu2\VS\NeuroGPU6\NeuroGPU6\Debug\CudaStuff.cu.obj
C:\Users\rben.KECK-CENTER\Documents\neurogpu2\VS\NeuroGPU6\NeuroGPU6\Debug\kernel.cu.obj
C:\Users\rben.KECK-CENTER\Documents\neurogpu2\VS\NeuroGPU6\NeuroGPU6\Debug\MainC.obj
C:\Users\rben.KECK-CENTER\Documents\neurogpu2\VS\NeuroGPU6\NeuroGPU6\Debug\Util.obj
C:\Users\rben.KECK-CENTER\Documents\neurogpu2\VS\NeuroGPU6\NeuroGPU6\Debug\cl.command.1.tlog
C:\Users\rben.KECK-CENTER\Documents\neurogpu2\VS\NeuroGPU6\NeuroGPU6\Debug\CL.read.1.tlog
C:\Users\rben.KECK-CENTER\Documents\neurogpu2\VS\NeuroGPU6\NeuroGPU6\Debug\CL.write.1.tlog
C:\Users\rben.KECK-CENTER\Documents\neurogpu2\VS\NeuroGPU6\NeuroGPU6\Debug\link-cvtres.read.1.tlog
C:\Users\rben.KECK-CENTER\Documents\neurogpu2\VS\NeuroGPU6\NeuroGPU6\Debug\link-cvtres.write.1.tlog
C:\Users\rben.KECK-CENTER\Documents\neurogpu2\VS\NeuroGPU6\NeuroGPU6\Debug\link-rc.read.1.tlog
C:\Users\rben.KECK-CENTER\Documents\neurogpu2\VS\NeuroGPU6\NeuroGPU6\Debug\link-rc.write.1.tlog
C:\Users\rben.KECK-CENTER\Documents\neurogpu2\VS\NeuroGPU6\NeuroGPU6\Debug\link.command.1.tlog
C:\Users\rben.KECK-CENTER\Documents\neurogpu2\VS\NeuroGPU6\NeuroGPU6\Debug\link.read.1.tlog
C:\Users\rben.KECK-CENTER\Documents\neurogpu2\VS\NeuroGPU6\NeuroGPU6\Debug\link.write.1.tlog
C:\Users\rben.KECK-CENTER\Documents\neurogpu2\VS\NeuroGPU6\NeuroGPU6\Debug\vc110.idb
C:\Users\rben.KECK-CENTER\Documents\neurogpu2\VS\NeuroGPU6\NeuroGPU6\Debug\vc110.pdb
C:\Users\rben.KECK-CENTER\Documents\neurogpu2\VS\NeuroGPU6\Debug\NeuroGPU6.pdb
C:\Users\rben.KECK-CENTER\Documents\neurogpu2\VS\NeuroGPU6\Debug\NeuroGPU6.exe
C:\Users\rben.KECK-CENTER\Documents\neurogpu2\VS\NeuroGPU6\Debug\NeuroGPU6.ilk
