x64\debug\allmodels.cu.obj
x64\debug\cudastuff.cu.obj
x64\debug\kernel.cu.obj
x64\debug\mainc.cu.obj
x64\debug\util.cu.obj
e:\workspace\pyneurogpu_win2\x64\debug\neurogpu6.exe
e:\workspace\pyneurogpu_win2\x64\debug\neurogpu6.ilk
e:\workspace\pyneurogpu_win2\x64\debug\neurogpu6.pdb
e:\workspace\pyneurogpu_win2\neurogpu6\x64\debug\allmodels.cu.cache
e:\workspace\pyneurogpu_win2\neurogpu6\x64\debug\cudastuff.cu.cache
e:\workspace\pyneurogpu_win2\neurogpu6\x64\debug\kernel.cu.cache
e:\workspace\pyneurogpu_win2\neurogpu6\x64\debug\mainc.cu.cache
e:\workspace\pyneurogpu_win2\neurogpu6\x64\debug\util.cu.cache
e:\workspace\pyneurogpu_win2\neurogpu6\x64\debug\allmodels.cu.obj
e:\workspace\pyneurogpu_win2\neurogpu6\x64\debug\cudastuff.cu.obj
e:\workspace\pyneurogpu_win2\neurogpu6\x64\debug\kernel.cu.obj
e:\workspace\pyneurogpu_win2\neurogpu6\x64\debug\mainc.cu.obj
e:\workspace\pyneurogpu_win2\neurogpu6\x64\debug\neurogpu6.device-link.obj
e:\workspace\pyneurogpu_win2\neurogpu6\x64\debug\util.cu.obj
e:\workspace\pyneurogpu_win2\neurogpu6\x64\debug\allmodels.cpp1.ii.res
e:\workspace\pyneurogpu_win2\neurogpu6\x64\debug\allmodels.cpp4.ii.res
e:\workspace\pyneurogpu_win2\neurogpu6\x64\debug\allmodels.cu.obj.res
e:\workspace\pyneurogpu_win2\neurogpu6\x64\debug\cudastuff.cpp1.ii.res
e:\workspace\pyneurogpu_win2\neurogpu6\x64\debug\cudastuff.cpp4.ii.res
e:\workspace\pyneurogpu_win2\neurogpu6\x64\debug\cudastuff.cu.obj.res
e:\workspace\pyneurogpu_win2\neurogpu6\x64\debug\kernel.cpp1.ii.res
e:\workspace\pyneurogpu_win2\neurogpu6\x64\debug\kernel.cpp4.ii.res
e:\workspace\pyneurogpu_win2\neurogpu6\x64\debug\kernel.cu.obj.res
e:\workspace\pyneurogpu_win2\neurogpu6\x64\debug\mainc.cpp1.ii.res
e:\workspace\pyneurogpu_win2\neurogpu6\x64\debug\mainc.cpp4.ii.res
e:\workspace\pyneurogpu_win2\neurogpu6\x64\debug\mainc.cu.obj.res
e:\workspace\pyneurogpu_win2\neurogpu6\x64\debug\util.cpp1.ii.res
e:\workspace\pyneurogpu_win2\neurogpu6\x64\debug\util.cpp4.ii.res
e:\workspace\pyneurogpu_win2\neurogpu6\x64\debug\util.cu.obj.res
e:\workspace\pyneurogpu_win2\neurogpu6\x64\debug\vc141.pdb
e:\workspace\pyneurogpu_win2\neurogpu6\x64\debug\neurogpu6.tlog\cudacompile.read.1u.tlog
e:\workspace\pyneurogpu_win2\neurogpu6\x64\debug\neurogpu6.tlog\cudacompile.write.1u.tlog
e:\workspace\pyneurogpu_win2\neurogpu6\x64\debug\neurogpu6.tlog\link.command.1.tlog
e:\workspace\pyneurogpu_win2\neurogpu6\x64\debug\neurogpu6.tlog\link.delete.1.tlog
e:\workspace\pyneurogpu_win2\neurogpu6\x64\debug\neurogpu6.tlog\link.read.1.tlog
e:\workspace\pyneurogpu_win2\neurogpu6\x64\debug\neurogpu6.tlog\link.write.1.tlog
