C:\USERS\RBEN.KECK-CENTER\DOCUMENTS\NEUROGPU2\VS\NEUROGPU6\NEUROGPU6\RELEASE\UTIL.OBJ
C:\USERS\RBEN.KECK-CENTER\DOCUMENTS\NEUROGPU2\VS\NEUROGPU6\NEUROGPU6\RELEASE\MAINC.OBJ
C:\USERS\RBEN.KECK-CENTER\DOCUMENTS\NEUROGPU2\VS\NEUROGPU6\NEUROGPU6\RELEASE\ALLMODELS.OBJ
C:\USERS\RBEN.KECK-CENTER\DOCUMENTS\NEUROGPU2\VS\NEUROGPU6\NEUROGPU6\RELEASE\VC110.PDB
C:\USERS\RBEN.KECK-CENTER\DOCUMENTS\NEUROGPU2\VS\NEUROGPU6\RELEASE\NEUROGPU6.EXE
C:\USERS\RBEN.KECK-CENTER\DOCUMENTS\NEUROGPU2\VS\NEUROGPU6\RELEASE\NEUROGPU6.PDB
C:\Users\rben.KECK-CENTER\Documents\neurogpu2\VS\NeuroGPU6\NeuroGPU6\Release\CudaStuff.cu.cache
C:\Users\rben.KECK-CENTER\Documents\neurogpu2\VS\NeuroGPU6\NeuroGPU6\Release\kernel.cu.cache
C:\Users\rben.KECK-CENTER\Documents\neurogpu2\VS\NeuroGPU6\NeuroGPU6\Release\AllModels.obj
C:\Users\rben.KECK-CENTER\Documents\neurogpu2\VS\NeuroGPU6\NeuroGPU6\Release\CudaStuff.cu.obj
C:\Users\rben.KECK-CENTER\Documents\neurogpu2\VS\NeuroGPU6\NeuroGPU6\Release\kernel.cu.obj
C:\Users\rben.KECK-CENTER\Documents\neurogpu2\VS\NeuroGPU6\NeuroGPU6\Release\MainC.obj
C:\Users\rben.KECK-CENTER\Documents\neurogpu2\VS\NeuroGPU6\NeuroGPU6\Release\Util.obj
C:\Users\rben.KECK-CENTER\Documents\neurogpu2\VS\NeuroGPU6\NeuroGPU6\Release\cl.command.1.tlog
C:\Users\rben.KECK-CENTER\Documents\neurogpu2\VS\NeuroGPU6\NeuroGPU6\Release\CL.read.1.tlog
C:\Users\rben.KECK-CENTER\Documents\neurogpu2\VS\NeuroGPU6\NeuroGPU6\Release\CL.write.1.tlog
C:\Users\rben.KECK-CENTER\Documents\neurogpu2\VS\NeuroGPU6\NeuroGPU6\Release\link-cvtres.read.1.tlog
C:\Users\rben.KECK-CENTER\Documents\neurogpu2\VS\NeuroGPU6\NeuroGPU6\Release\link-cvtres.write.1.tlog
C:\Users\rben.KECK-CENTER\Documents\neurogpu2\VS\NeuroGPU6\NeuroGPU6\Release\link-rc.read.1.tlog
C:\Users\rben.KECK-CENTER\Documents\neurogpu2\VS\NeuroGPU6\NeuroGPU6\Release\link-rc.write.1.tlog
C:\Users\rben.KECK-CENTER\Documents\neurogpu2\VS\NeuroGPU6\NeuroGPU6\Release\link.command.1.tlog
C:\Users\rben.KECK-CENTER\Documents\neurogpu2\VS\NeuroGPU6\NeuroGPU6\Release\link.read.1.tlog
C:\Users\rben.KECK-CENTER\Documents\neurogpu2\VS\NeuroGPU6\NeuroGPU6\Release\link.write.1.tlog
C:\Users\rben.KECK-CENTER\Documents\neurogpu2\VS\NeuroGPU6\NeuroGPU6\Release\vc110.pdb
C:\Users\rben.KECK-CENTER\Documents\neurogpu2\VS\NeuroGPU6\Release\NeuroGPU6.pdb
C:\Users\rben.KECK-CENTER\Documents\neurogpu2\VS\NeuroGPU6\Release\NeuroGPU6.exe
