x64\myrelease\allmodels.cu.obj
x64\myrelease\cudastuff.cu.obj
x64\myrelease\kernel.cu.obj
x64\myrelease\mainc.cu.obj
x64\myrelease\util.cu.obj
c:\pyneurogpu_win2\x64\myrelease\neurogpu6.exe
c:\pyneurogpu_win2\x64\myrelease\neurogpu6.ilk
c:\pyneurogpu_win2\x64\myrelease\neurogpu6.pdb
e:\github\neurogpu\neurogpu_base\vs\pyneurogpu_win\x64\myrelease\neurogpu6.exe
e:\github\neurogpu\neurogpu_base\vs\pyneurogpu_win\x64\myrelease\neurogpu6.ilk
e:\github\neurogpu\neurogpu_base\vs\pyneurogpu_win\x64\myrelease\neurogpu6.pdb
e:\github\neurogpu\neurogpu_base\vs\pyneurogpu_win\neurogpu6\x64\myrelease\allmodels.cu.cache
e:\github\neurogpu\neurogpu_base\vs\pyneurogpu_win\neurogpu6\x64\myrelease\cudastuff.cu.cache
e:\github\neurogpu\neurogpu_base\vs\pyneurogpu_win\neurogpu6\x64\myrelease\kernel.cu.cache
e:\github\neurogpu\neurogpu_base\vs\pyneurogpu_win\neurogpu6\x64\myrelease\mainc.cu.cache
e:\github\neurogpu\neurogpu_base\vs\pyneurogpu_win\neurogpu6\x64\myrelease\util.cu.cache
e:\github\neurogpu\neurogpu_base\vs\pyneurogpu_win\neurogpu6\x64\myrelease\allmodels.cu.obj
e:\github\neurogpu\neurogpu_base\vs\pyneurogpu_win\neurogpu6\x64\myrelease\cudastuff.cu.obj
e:\github\neurogpu\neurogpu_base\vs\pyneurogpu_win\neurogpu6\x64\myrelease\kernel.cu.obj
e:\github\neurogpu\neurogpu_base\vs\pyneurogpu_win\neurogpu6\x64\myrelease\mainc.cu.obj
e:\github\neurogpu\neurogpu_base\vs\pyneurogpu_win\neurogpu6\x64\myrelease\neurogpu6.device-link.obj
e:\github\neurogpu\neurogpu_base\vs\pyneurogpu_win\neurogpu6\x64\myrelease\util.cu.obj
e:\github\neurogpu\neurogpu_base\vs\pyneurogpu_win\neurogpu6\x64\myrelease\allmodels.cpp1.ii.res
e:\github\neurogpu\neurogpu_base\vs\pyneurogpu_win\neurogpu6\x64\myrelease\allmodels.cpp4.ii.res
e:\github\neurogpu\neurogpu_base\vs\pyneurogpu_win\neurogpu6\x64\myrelease\allmodels.cu.obj.res
e:\github\neurogpu\neurogpu_base\vs\pyneurogpu_win\neurogpu6\x64\myrelease\cudastuff.cpp1.ii.res
e:\github\neurogpu\neurogpu_base\vs\pyneurogpu_win\neurogpu6\x64\myrelease\cudastuff.cpp4.ii.res
e:\github\neurogpu\neurogpu_base\vs\pyneurogpu_win\neurogpu6\x64\myrelease\cudastuff.cu.obj.res
e:\github\neurogpu\neurogpu_base\vs\pyneurogpu_win\neurogpu6\x64\myrelease\kernel.cpp1.ii.res
e:\github\neurogpu\neurogpu_base\vs\pyneurogpu_win\neurogpu6\x64\myrelease\kernel.cpp4.ii.res
e:\github\neurogpu\neurogpu_base\vs\pyneurogpu_win\neurogpu6\x64\myrelease\kernel.cu.obj.res
e:\github\neurogpu\neurogpu_base\vs\pyneurogpu_win\neurogpu6\x64\myrelease\mainc.cpp1.ii.res
e:\github\neurogpu\neurogpu_base\vs\pyneurogpu_win\neurogpu6\x64\myrelease\mainc.cpp4.ii.res
e:\github\neurogpu\neurogpu_base\vs\pyneurogpu_win\neurogpu6\x64\myrelease\mainc.cu.obj.res
e:\github\neurogpu\neurogpu_base\vs\pyneurogpu_win\neurogpu6\x64\myrelease\util.cpp1.ii.res
e:\github\neurogpu\neurogpu_base\vs\pyneurogpu_win\neurogpu6\x64\myrelease\util.cpp4.ii.res
e:\github\neurogpu\neurogpu_base\vs\pyneurogpu_win\neurogpu6\x64\myrelease\util.cu.obj.res
e:\github\neurogpu\neurogpu_base\vs\pyneurogpu_win\neurogpu6\x64\myrelease\vc141.pdb
e:\github\neurogpu\neurogpu_base\vs\pyneurogpu_win\neurogpu6\x64\myrelease\neurogpu6.tlog\cudacompile.read.1u.tlog
e:\github\neurogpu\neurogpu_base\vs\pyneurogpu_win\neurogpu6\x64\myrelease\neurogpu6.tlog\cudacompile.write.1u.tlog
e:\github\neurogpu\neurogpu_base\vs\pyneurogpu_win\neurogpu6\x64\myrelease\neurogpu6.tlog\link.command.1.tlog
e:\github\neurogpu\neurogpu_base\vs\pyneurogpu_win\neurogpu6\x64\myrelease\neurogpu6.tlog\link.delete.1.tlog
e:\github\neurogpu\neurogpu_base\vs\pyneurogpu_win\neurogpu6\x64\myrelease\neurogpu6.tlog\link.read.1.tlog
e:\github\neurogpu\neurogpu_base\vs\pyneurogpu_win\neurogpu6\x64\myrelease\neurogpu6.tlog\link.write.1.tlog
